d:\src\ttbasic_windows\ttbasic\debug\vc142.pdb
d:\src\ttbasic_windows\ttbasic\debug\ttermscreen.obj
d:\src\ttbasic_windows\ttbasic\debug\ttbasic_error.obj
d:\src\ttbasic_windows\ttbasic\debug\tscreenbase.obj
d:\src\ttbasic_windows\ttbasic\debug\basic.obj
d:\src\ttbasic_windows\ttbasic\debug\ttbasic.obj
d:\src\ttbasic_windows\ttbasic\debug\mcurses.obj
d:\src\ttbasic_windows\ttbasic\debug\ttbasic.exe
d:\src\ttbasic_windows\ttbasic\debug\ttbasic.ilk
d:\src\ttbasic_windows\ttbasic\debug\ttbasic.pdb
d:\src\ttbasic_windows\ttbasic\debug\ttbasic.res
d:\src\ttbasic_windows\ttbasic\debug\ttbasic.tlog\cl.command.1.tlog
d:\src\ttbasic_windows\ttbasic\debug\ttbasic.tlog\cl.read.1.tlog
d:\src\ttbasic_windows\ttbasic\debug\ttbasic.tlog\cl.write.1.tlog
d:\src\ttbasic_windows\ttbasic\debug\ttbasic.tlog\link.command.1.tlog
d:\src\ttbasic_windows\ttbasic\debug\ttbasic.tlog\link.read.1.tlog
d:\src\ttbasic_windows\ttbasic\debug\ttbasic.tlog\link.write.1.tlog
d:\src\ttbasic_windows\ttbasic\debug\ttbasic.tlog\rc.command.1.tlog
d:\src\ttbasic_windows\ttbasic\debug\ttbasic.tlog\rc.read.1.tlog
d:\src\ttbasic_windows\ttbasic\debug\ttbasic.tlog\rc.write.1.tlog
