e:\ttbasic_arduino_stm32\ttbasic\release\vc120.pdb
e:\ttbasic_arduino_stm32\ttbasic\release\ttermscreen.obj
e:\ttbasic_arduino_stm32\ttbasic\release\ttbasic_error.obj
e:\ttbasic_arduino_stm32\ttbasic\release\ttbasic.obj
e:\ttbasic_arduino_stm32\ttbasic\release\tscreenbase.obj
e:\ttbasic_arduino_stm32\ttbasic\release\basic.obj
e:\ttbasic_arduino_stm32\ttbasic\release\mcurses.obj
e:\ttbasic_arduino_stm32\ttbasic\release\ttbasic.exe
e:\ttbasic_arduino_stm32\ttbasic\release\ttbasic.pdb
e:\ttbasic_arduino_stm32\ttbasic\release\ttbasic.res
d:\src\ttbasic_windows\ttbasic\release\basic.obj
d:\src\ttbasic_windows\ttbasic\release\mcurses.obj
d:\src\ttbasic_windows\ttbasic\release\tscreenbase.obj
d:\src\ttbasic_windows\ttbasic\release\ttbasic.obj
d:\src\ttbasic_windows\ttbasic\release\ttbasic_error.obj
d:\src\ttbasic_windows\ttbasic\release\ttermscreen.obj
d:\src\ttbasic_windows\ttbasic\release\ttbasic.res
d:\src\ttbasic_windows\ttbasic\release\ttbasic.pdb
d:\src\ttbasic_windows\ttbasic\release\vc120.pdb
d:\src\ttbasic_windows\ttbasic\release\ttbasic.exe
d:\src\ttbasic_windows\ttbasic\release\ttbasic.tlog\cl.command.1.tlog
d:\src\ttbasic_windows\ttbasic\release\ttbasic.tlog\cl.read.1.tlog
d:\src\ttbasic_windows\ttbasic\release\ttbasic.tlog\cl.write.1.tlog
d:\src\ttbasic_windows\ttbasic\release\ttbasic.tlog\link.command.1.tlog
d:\src\ttbasic_windows\ttbasic\release\ttbasic.tlog\link.read.1.tlog
d:\src\ttbasic_windows\ttbasic\release\ttbasic.tlog\link.write.1.tlog
d:\src\ttbasic_windows\ttbasic\release\ttbasic.tlog\rc.command.1.tlog
d:\src\ttbasic_windows\ttbasic\release\ttbasic.tlog\rc.read.1.tlog
d:\src\ttbasic_windows\ttbasic\release\ttbasic.tlog\rc.write.1.tlog
